20da90ae02169d3b00,92df2a16027c6cc278,d99ace3e01f5206a6f,28d609d801a10deb10,3166b93401a78e0752	
83aeb2ce01e082ea1c	
2a98107e0181b20a1e,c4f394c60218bdd10b,53bd07d301a135b3e3,f9d16f520164ef628c,ff5a3fa401dab60e0a	
74a27aa10199d75595,fed5c31e0123142237,9282f3c002234904b7,2d4ee1f502e2aa5b34	
0f2ffae701b6d2c7e1	
934f700b01b1fb39d7,ba37194102840988ef,4a7e7bbc02ab1b6d1f,49d4905d01499268f1	
dcded2e70280ab7d34,ebaa5d91023c764878,97c032cf023ac8b9e6,8716782301a794fac2	
8fb712220146bb0947,b04b142b0114d5c345,9884f08201b6cf6b47,889e179d0105ea4f1e,4a6d3f960225b8f165	
8dc7e1ca017cb035fc,bc86e2ee02dedb0213,415f9fc40210402dc4,69f854a0027172602d,3b4fdee7011b12a565	
b352491001692d6d8b,958f707901e0d7cf16	
577e5dea02a72dd59d	
117d278f02cd3d3126,b6a8126a0272edbd2a,7e28f6540234927008,9ad0d78e0158c86101,d712229502826bd896	
61ce507b0244253002,49d93e12022dce91a7,08317aa70143354239	
d997de4902f1d205bf,90276c5d02915c4ad4,a3cabfc5020b0e3792,cd3e8fb202ef72f27e	
12dc0fa8020ad6d65a,d06058dd02cb134939,1d4a21e201d6927c08	
d5c2cba701bbc1c94d	
e954281c015d6c9982	
e0e36ef401ec2036d0,09a74dca01d805ef90,4b48e2190107fb3199,d0b3d9e401c36599cf,591cecfd01eda72379	
3cc5d339028cab38d2,551156150189305682,b32c170e02214f6e25,7e374887010bf3580d	
3cbf11af02006eea2e,cc85bac90234a26d85,bd2fceb60129abf0dc	
f600070302b79fc705	
8611749901f7c1f3a1,35fc7cbb028958c7dd	
bace9b6001e94c0f60,f532c5b502e5e10bc8,ed6184d401223b96f0,44e9784f016b7569d4,d1ab30650190489580	
dceffb9001df8a7ab6,48236fa60285fe0112,766ea190011dacc7bf	
819d2826014bb15a44,cfb1bd9601abf49f5a,d6730104016e9c766e,b49b5753026ceeec97	
287b564302c0a3c098,91d4f2ec0132d23374,e326049b025e0d185d	
7d30035f01ca100269,ec44ab7102953ee9a3	
c5531be702a910488a,bf0868b80289a27e29,9002b77b0169f74b42	
a6a38590011913c14e,e7cde8e001c0fd1112	
c6c28cf102b251a06c	
39597d8701b81d19a3	
59cc13da02a351a093,543094110237df45de,c6a347b0018f7a8b79	
afd0014c0107111f01,6ffcb238010d3dc1d5,94d3762502a635031d,a892bdf801b7b38b58,c20b6e55022f7f2db9	
edda6a5b01d7a12a22	
d61005eb01a42f7046,c66e800801882be0b6,3e663ba201740a8099,819b3036026bc1f6e6,07e77ac201a006b07e	
e86663fc01946a4b16,f99df3ca026bb682dd,942c9098021b924328,1d3169ed01a11a8f45,e9525c3d022e7022d5	
4597b47a02d36639a2,27f1617c020f1dd326,c34f549e0288b5ad11	
4a29ca470113b4e613,2223c123025012da39,38b9033302135b216c,1b3a4253018a79086b	
04f886bc02a6f059cb,a12c6e72012a7397d4,1b4b9cb302a93c4e45	
6b4ccefc015edf3313,8fbe8dd201451065cd,4c8c749e02ccc474eb,18cd0bb202491f462e,8427665a0105e1b473	
d57ef79d01b01c6190,24dbd81201b6ca3f91	
3d0c57f1020670a4b8,7ed65b8202f10696e3,bea2ed5901d77698e8	
114bf1ec0153b54e24,128c1bb20295648026,7c7fbb9702f9c7fcaa	
0ef403b902e327854e,61b38fd401b99ab419,c59f000e022ef8849f,979d32610179c56d2c	
8fd8c11302f2b8a7bd,453f59a001c2f791dc	
3c6d979d028955cd1f,774d57b702c60920ea,e8fc9a0e02bc09619f,c6e6587502d103b40f,35605474017fb8e99d	
5f0c8bc401bd04aec2,ebe5dee5024c84fec6,99f2b10b01ab1690e9,7133ee35028483367c	
71b615c702d875e169,f6af4dc001538b27b6,49a45c7902e1df47ff,5574fe900147c1d6c1,833d04c602089fb93b	
6e299e6201ff3867f5	
bd7c140301302d1907,4584be2402bbd2c5da	
