-------------------------------------------
Batch: 0
-------------------------------------------
+------+----+----+------+
|window|zone|view|unique|
+------+----+----+------+
+------+----+----+------+

-------------------------------------------
Batch: 1
-------------------------------------------
+------------------------------------------+------+----+------+
|window                                    |zone  |view|unique|
+------------------------------------------+------+----+------+
|[2018-04-01 13:21:01, 2018-04-01 13:21:03]|ru    |28  |27    |
|[2018-04-01 13:21:01, 2018-04-01 13:21:03]|not ru|3   |3     |
|[2018-04-01 13:21:02, 2018-04-01 13:21:04]|ru    |79  |76    |
|[2018-04-01 13:21:02, 2018-04-01 13:21:04]|not ru|21  |21    |
|[2018-04-01 13:21:03, 2018-04-01 13:21:05]|ru    |51  |52    |
|[2018-04-01 13:21:03, 2018-04-01 13:21:05]|not ru|18  |18    |
+------------------------------------------+------+----+------+

-------------------------------------------
Batch: 2
-------------------------------------------
+------------------------------------------+------+----+------+
|window                                    |zone  |view|unique|
+------------------------------------------+------+----+------+
|[2018-04-01 13:20:40, 2018-04-01 13:20:42]|not ru|1   |1     |
|[2018-04-01 13:20:40, 2018-04-01 13:20:42]|ru    |1   |1     |
|[2018-04-01 13:20:41, 2018-04-01 13:20:43]|ru    |71  |64    |
|[2018-04-01 13:20:41, 2018-04-01 13:20:43]|not ru|23  |24    |
|[2018-04-01 13:20:42, 2018-04-01 13:20:44]|ru    |73  |66    |
|[2018-04-01 13:20:42, 2018-04-01 13:20:44]|not ru|25  |26    |
|[2018-04-01 13:20:43, 2018-04-01 13:20:45]|not ru|3   |3     |
|[2018-04-01 13:20:43, 2018-04-01 13:20:45]|ru    |3   |3     |
|[2018-04-01 13:21:01, 2018-04-01 13:21:03]|ru    |28  |27    |
|[2018-04-01 13:21:01, 2018-04-01 13:21:03]|not ru|3   |3     |
|[2018-04-01 13:21:02, 2018-04-01 13:21:04]|ru    |79  |76    |
|[2018-04-01 13:21:02, 2018-04-01 13:21:04]|not ru|21  |21    |
|[2018-04-01 13:21:03, 2018-04-01 13:21:05]|ru    |51  |52    |
|[2018-04-01 13:21:03, 2018-04-01 13:21:05]|not ru|18  |18    |
+------------------------------------------+------+----+------+

-------------------------------------------
Batch: 3
-------------------------------------------
+------------------------------------------+------+----+------+
|window                                    |zone  |view|unique|
+------------------------------------------+------+----+------+
|[2018-04-01 13:20:40, 2018-04-01 13:20:42]|not ru|1   |1     |
|[2018-04-01 13:20:40, 2018-04-01 13:20:42]|ru    |1   |1     |
|[2018-04-01 13:20:41, 2018-04-01 13:20:43]|ru    |83  |74    |
|[2018-04-01 13:20:41, 2018-04-01 13:20:43]|not ru|25  |26    |
|[2018-04-01 13:20:42, 2018-04-01 13:20:44]|ru    |112 |100   |
|[2018-04-01 13:20:42, 2018-04-01 13:20:44]|not ru|36  |37    |
|[2018-04-01 13:20:43, 2018-04-01 13:20:45]|ru    |30  |28    |
|[2018-04-01 13:20:43, 2018-04-01 13:20:45]|not ru|12  |12    |
|[2018-04-01 13:21:01, 2018-04-01 13:21:03]|ru    |28  |27    |
|[2018-04-01 13:21:01, 2018-04-01 13:21:03]|not ru|3   |3     |
|[2018-04-01 13:21:02, 2018-04-01 13:21:04]|ru    |79  |76    |
|[2018-04-01 13:21:02, 2018-04-01 13:21:04]|not ru|21  |21    |
|[2018-04-01 13:21:03, 2018-04-01 13:21:05]|ru    |51  |52    |
|[2018-04-01 13:21:03, 2018-04-01 13:21:05]|not ru|18  |18    |
+------------------------------------------+------+----+------+

-------------------------------------------
Batch: 4
-------------------------------------------
+------------------------------------------+------+----+------+
|window                                    |zone  |view|unique|
+------------------------------------------+------+----+------+
|[2018-04-01 13:20:40, 2018-04-01 13:20:42]|not ru|1   |1     |
|[2018-04-01 13:20:40, 2018-04-01 13:20:42]|ru    |1   |1     |
|[2018-04-01 13:20:41, 2018-04-01 13:20:43]|ru    |96  |89    |
|[2018-04-01 13:20:41, 2018-04-01 13:20:43]|not ru|28  |29    |
|[2018-04-01 13:20:42, 2018-04-01 13:20:44]|ru    |151 |139   |
|[2018-04-01 13:20:42, 2018-04-01 13:20:44]|not ru|47  |49    |
|[2018-04-01 13:20:43, 2018-04-01 13:20:45]|ru    |56  |52    |
|[2018-04-01 13:20:43, 2018-04-01 13:20:45]|not ru|20  |20    |
|[2018-04-01 13:21:01, 2018-04-01 13:21:03]|ru    |28  |27    |
|[2018-04-01 13:21:01, 2018-04-01 13:21:03]|not ru|3   |3     |
|[2018-04-01 13:21:02, 2018-04-01 13:21:04]|ru    |79  |76    |
|[2018-04-01 13:21:02, 2018-04-01 13:21:04]|not ru|21  |21    |
|[2018-04-01 13:21:03, 2018-04-01 13:21:05]|ru    |51  |52    |
|[2018-04-01 13:21:03, 2018-04-01 13:21:05]|not ru|18  |18    |
+------------------------------------------+------+----+------+
