-------------------------------------------
Batch: 0
-------------------------------------------
+------+----+------+
|domain|view|unique|
+------+----+------+
+------+----+------+

-------------------------------------------
Batch: 1
-------------------------------------------
+---------------------+----+------+
|domain               |view|unique|
+---------------------+----+------+
|www.coins-spb.ru     |9   |1     |
|www.championat.com   |5   |5     |
|www.rambler.ru       |5   |5     |
|yandex.ru            |4   |4     |
|news.rambler.ru      |4   |2     |
|echo.msk.ru          |3   |3     |
|football.kulichki.net|3   |3     |
|www.yaplakal.com     |3   |3     |
|lenta.ru             |3   |3     |
|www.livejournal.com  |2   |2     |
+---------------------+----+------+

-------------------------------------------
Batch: 2
-------------------------------------------
+------------------+----+------+
|domain            |view|unique|
+------------------+----+------+
|news.rambler.ru   |10  |8     |
|www.coins-spb.ru  |9   |1     |
|www.championat.com|9   |9     |
|www.vesti.ru      |6   |6     |
|www.rambler.ru    |6   |6     |
|www.fedsfm.ru     |5   |1     |
|echo.msk.ru       |5   |5     |
|www.exist.ru      |5   |5     |
|www.mk.ru         |5   |5     |
|yandex.ru         |5   |5     |
+------------------+----+------+

-------------------------------------------
Batch: 3
-------------------------------------------
+------------------+----+------+
|domain            |view|unique|
+------------------+----+------+
|news.rambler.ru   |21  |17    |
|www.championat.com|12  |12    |
|www.coins-spb.ru  |9   |1     |
|yandex.ru         |8   |8     |
|www.rambler.ru    |8   |8     |
|m.lenta.ru        |7   |7     |
|www.vesti.ru      |7   |7     |
|smi2.ru           |6   |6     |
|www.mk.ru         |6   |6     |
|www.exist.ru      |6   |6     |
+------------------+----+------+

-------------------------------------------
Batch: 4
-------------------------------------------
+--------------------+----+------+
|domain              |view|unique|
+--------------------+----+------+
|news.rambler.ru     |22  |18    |
|www.championat.com  |13  |13    |
|www.rambler.ru      |10  |10    |
|www.coins-spb.ru    |9   |1     |
|yandex.ru           |9   |9     |
|www.sport-express.ru|8   |5     |
|m.lenta.ru          |7   |7     |
|www.vesti.ru        |7   |7     |
|www.mk.ru           |7   |7     |
|smi2.ru             |6   |6     |
+--------------------+----+------+
